[2025-09-25 10:20:10] [Usuario: admin] [IP: ::1] - Producto Pizza de Carne de res eliminado.
[2025-09-25 10:20:50] [Usuario: admin] [IP: ::1] - Producto Pizza hawaina eliminado.
[2025-09-25 10:56:47] [Usuario: admin] [IP: ::1] - Producto Pizza Italiana puesto en oferta.
[2025-09-25 10:57:28] [Usuario: admin] [IP: ::1] - Producto Pizza Italiana puesto en oferta.
[2025-09-25 10:57:49] [Usuario: admin] [IP: ::1] - Producto Pizza Italiana puesto en oferta.
[2025-09-25 10:58:26] [Usuario: admin] [IP: ::1] - Producto Pizza Italiana puesto en oferta.
[2025-09-25 10:58:33] [Usuario: admin] [IP: ::1] - Producto Pizza Italiana puesto en oferta.
[2025-09-25 10:59:26] [Usuario: admin] [IP: ::1] - Producto Pizza Italiana puesto en oferta.
[2025-09-25 10:59:31] [Usuario: admin] [IP: ::1] - Producto Pizza Italiana puesto en oferta.
[2025-09-25 10:59:35] [Usuario: admin] [IP: ::1] - Producto Pizza Italiana puesto en oferta.
[2025-09-25 10:59:38] [Usuario: admin] [IP: ::1] - Producto Pizza Italiana puesto en oferta.
[2025-09-25 11:05:45] [Usuario: admin] [IP: ::1] - Producto Pizza Italiana puesto en oferta.
[2025-09-25 11:05:50] [Usuario: admin] [IP: ::1] - Producto Pizza Italiana puesto en oferta.
[2025-09-25 11:33:37] [Usuario: admin] [IP: ::1] - Producto Phoenix desactivado.
[2025-09-25 19:21:55] [Usuario: admin] [IP: ::1] - Nuevo insumo registrado (Masa, cantidad = 10000gr)
[2025-09-25 19:25:47] [Usuario: admin] [IP: ::1] - Producto Pizza ranchera eliminado.
[2025-09-25 19:54:39] [Usuario: admin] [IP: ::1] - Producto Pizza Ranchera eliminado.
[2025-09-25 19:59:44] [Usuario: admin] [IP: ::1] - Producto Pizza Ranchera Big puesto en oferta.
[2025-09-25 19:59:58] [Usuario: admin] [IP: ::1] - Producto Pizza Ranchera Big desactivado.
[2025-09-25 20:00:07] [Usuario: admin] [IP: ::1] - Producto Pizza Ranchera Big puesto en oferta.
[2025-09-25 20:00:13] [Usuario: admin] [IP: ::1] - Producto Gaseosa Coca-cola 1.5 litros eliminado.
